  Assembling ..\Test_code\test_1\in.asm...
..\Test_code\test_1\in.asm(27): error A2008: syntax error : c
..\Test_code\test_1\in.asm(30): error A2008: syntax error : c
..\Test_code\test_1\in.asm(35): error A2088: END directive required at end of file
..\Test_code\test_1\in.asm(35): fatal error A1010: unmatched block nesting : main
C:\Program Files\Microsoft Visual Studio\2022\Community\MSBuild\Microsoft\VC\v170\BuildCustomizations\masm.targets(70,5): error MSB3721: выход из команды "ml.exe /c /nologo /Zi /Fo"Debug\in.obj" /W3 /errorReport:prompt  /Ta..\Test_code\test_1\in.asm" с кодом "1".
